  main.cpp
d:\profiles\njp2424\desktop\physics\level6\physics-lineseg-lineseg-3d-mastervs2019\lineseg_lineseg_3d\main.cpp(454): warning C4244: '=': conversion from 'double' to 'T', possible loss of data
          with
          [
              T=float
          ]
d:\profiles\njp2424\desktop\physics\level6\physics-lineseg-lineseg-3d-mastervs2019\lineseg_lineseg_3d\main.cpp(455): warning C4244: '=': conversion from 'double' to 'T', possible loss of data
          with
          [
              T=float
          ]
d:\profiles\njp2424\desktop\physics\level6\physics-lineseg-lineseg-3d-mastervs2019\lineseg_lineseg_3d\main.cpp(460): warning C4244: '=': conversion from 'double' to 'T', possible loss of data
          with
          [
              T=float
          ]
d:\profiles\njp2424\desktop\physics\level6\physics-lineseg-lineseg-3d-mastervs2019\lineseg_lineseg_3d\main.cpp(461): warning C4244: '=': conversion from 'double' to 'T', possible loss of data
          with
          [
              T=float
          ]
d:\profiles\njp2424\desktop\physics\level6\physics-lineseg-lineseg-3d-mastervs2019\lineseg_lineseg_3d\main.cpp(469): warning C4244: '=': conversion from 'double' to 'T', possible loss of data
          with
          [
              T=float
          ]
d:\profiles\njp2424\desktop\physics\level6\physics-lineseg-lineseg-3d-mastervs2019\lineseg_lineseg_3d\main.cpp(470): warning C4244: '=': conversion from 'double' to 'T', possible loss of data
          with
          [
              T=float
          ]
d:\profiles\njp2424\desktop\physics\level6\physics-lineseg-lineseg-3d-mastervs2019\lineseg_lineseg_3d\main.cpp(475): warning C4244: '=': conversion from 'double' to 'T', possible loss of data
          with
          [
              T=float
          ]
d:\profiles\njp2424\desktop\physics\level6\physics-lineseg-lineseg-3d-mastervs2019\lineseg_lineseg_3d\main.cpp(476): warning C4244: '=': conversion from 'double' to 'T', possible loss of data
          with
          [
              T=float
          ]
d:\profiles\njp2424\desktop\physics\level6\physics-lineseg-lineseg-3d-mastervs2019\lineseg_lineseg_3d\main.cpp(488): warning C4244: 'argument': conversion from 'double' to 'GLclampf', possible loss of data
d:\profiles\njp2424\desktop\physics\level6\physics-lineseg-lineseg-3d-mastervs2019\lineseg_lineseg_3d\main.cpp(572): warning C4326: return type of 'main' should be 'int' instead of 'void'
LINK : warning LNK4098: defaultlib 'MSVCRT' conflicts with use of other libs; use /NODEFAULTLIB:library
  Lineseg_LineSeg_3D.vcxproj -> D:\Profiles\njp2424\Desktop\Physics\level6\physics-lineSeg-lineSeg-3D-masterVS2019\Lineseg_LineSeg_3D\Debug\Lineseg_LineSeg_3D.exe
